{"/home/pastor/Documentos/Microverse/Js/Js-Game/src/index.js": {"path":"/home/pastor/Documentos/Microverse/Js/Js-Game/src/index.js","statementMap":{"0":{"start":{"line":15,"column":18},"end":{"line":32,"column":1}},"1":{"start":{"line":34,"column":19},"end":{"line":43,"column":1}},"2":{"start":{"line":45,"column":0},"end":{"line":51,"column":2}},"3":{"start":{"line":47,"column":2},"end":{"line":47,"column":37}},"4":{"start":{"line":48,"column":2},"end":{"line":48,"column":17}},"5":{"start":{"line":49,"column":2},"end":{"line":49,"column":11}},"6":{"start":{"line":50,"column":2},"end":{"line":50,"column":51}}},"fnMap":{"0":{"name":"(anonymous_0)","decl":{"start":{"line":45,"column":16},"end":{"line":45,"column":17}},"loc":{"start":{"line":45,"column":28},"end":{"line":51,"column":1}},"line":45}},"branchMap":{},"s":{"0":6,"1":6,"2":6,"3":6,"4":6,"5":6,"6":6},"f":{"0":6},"b":{},"_coverageSchema":"1a1c01bbd47fc00a2c39e90264f33305004495a9","hash":"2baa46a7086790f6e43391b43c6908de9b4e1955"}
,"/home/pastor/Documentos/Microverse/Js/Js-Game/src/scenes/gameover.js": {"path":"/home/pastor/Documentos/Microverse/Js/Js-Game/src/scenes/gameover.js","statementMap":{"0":{"start":{"line":13,"column":4},"end":{"line":13,"column":22}},"1":{"start":{"line":17,"column":17},"end":{"line":17,"column":33}},"2":{"start":{"line":18,"column":24},"end":{"line":18,"column":129}},"3":{"start":{"line":19,"column":4},"end":{"line":19,"column":29}},"4":{"start":{"line":20,"column":4},"end":{"line":20,"column":33}},"5":{"start":{"line":21,"column":4},"end":{"line":21,"column":59}},"6":{"start":{"line":22,"column":21},"end":{"line":22,"column":123}},"7":{"start":{"line":23,"column":4},"end":{"line":23,"column":26}},"8":{"start":{"line":24,"column":4},"end":{"line":24,"column":30}},"9":{"start":{"line":25,"column":4},"end":{"line":25,"column":53}},"10":{"start":{"line":26,"column":22},"end":{"line":26,"column":125}},"11":{"start":{"line":27,"column":4},"end":{"line":27,"column":27}},"12":{"start":{"line":28,"column":4},"end":{"line":28,"column":31}},"13":{"start":{"line":29,"column":4},"end":{"line":29,"column":59}},"14":{"start":{"line":30,"column":4},"end":{"line":30,"column":211}},"15":{"start":{"line":31,"column":4},"end":{"line":31,"column":237}},"16":{"start":{"line":36,"column":4},"end":{"line":36,"column":27}},"17":{"start":{"line":37,"column":4},"end":{"line":37,"column":33}},"18":{"start":{"line":41,"column":4},"end":{"line":41,"column":30}},"19":{"start":{"line":42,"column":4},"end":{"line":42,"column":30}},"20":{"start":{"line":46,"column":4},"end":{"line":46,"column":34}}},"fnMap":{"0":{"name":"(anonymous_0)","decl":{"start":{"line":12,"column":2},"end":{"line":12,"column":3}},"loc":{"start":{"line":12,"column":16},"end":{"line":14,"column":3}},"line":12},"1":{"name":"(anonymous_1)","decl":{"start":{"line":16,"column":2},"end":{"line":16,"column":3}},"loc":{"start":{"line":16,"column":17},"end":{"line":33,"column":3}},"line":16},"2":{"name":"(anonymous_2)","decl":{"start":{"line":35,"column":2},"end":{"line":35,"column":3}},"loc":{"start":{"line":35,"column":12},"end":{"line":38,"column":3}},"line":35},"3":{"name":"(anonymous_3)","decl":{"start":{"line":40,"column":2},"end":{"line":40,"column":3}},"loc":{"start":{"line":40,"column":9},"end":{"line":43,"column":3}},"line":40},"4":{"name":"(anonymous_4)","decl":{"start":{"line":45,"column":2},"end":{"line":45,"column":3}},"loc":{"start":{"line":45,"column":14},"end":{"line":47,"column":3}},"line":45}},"branchMap":{},"s":{"0":1,"1":0,"2":0,"3":0,"4":0,"5":0,"6":0,"7":0,"8":0,"9":0,"10":0,"11":0,"12":0,"13":0,"14":0,"15":0,"16":0,"17":0,"18":0,"19":0,"20":0},"f":{"0":1,"1":0,"2":0,"3":0,"4":0},"b":{},"_coverageSchema":"1a1c01bbd47fc00a2c39e90264f33305004495a9","hash":"2c5b0481534e0eac7e7fa9fa60375720d24693cf"}
,"/home/pastor/Documentos/Microverse/Js/Js-Game/src/scenes/leadboard.js": {"path":"/home/pastor/Documentos/Microverse/Js/Js-Game/src/scenes/leadboard.js","statementMap":{"0":{"start":{"line":13,"column":4},"end":{"line":13,"column":23}},"1":{"start":{"line":17,"column":16},"end":{"line":17,"column":41}},"2":{"start":{"line":18,"column":4},"end":{"line":26,"column":5}},"3":{"start":{"line":18,"column":17},"end":{"line":18,"column":18}},"4":{"start":{"line":19,"column":19},"end":{"line":19,"column":30}},"5":{"start":{"line":20,"column":20},"end":{"line":20,"column":32}},"6":{"start":{"line":21,"column":6},"end":{"line":25,"column":9}},"7":{"start":{"line":27,"column":24},"end":{"line":27,"column":129}},"8":{"start":{"line":28,"column":4},"end":{"line":28,"column":29}},"9":{"start":{"line":29,"column":4},"end":{"line":29,"column":33}},"10":{"start":{"line":30,"column":4},"end":{"line":30,"column":59}},"11":{"start":{"line":31,"column":21},"end":{"line":31,"column":123}},"12":{"start":{"line":32,"column":4},"end":{"line":32,"column":26}},"13":{"start":{"line":33,"column":4},"end":{"line":33,"column":30}},"14":{"start":{"line":34,"column":4},"end":{"line":34,"column":53}},"15":{"start":{"line":38,"column":19},"end":{"line":38,"column":36}},"16":{"start":{"line":39,"column":19},"end":{"line":39,"column":49}},"17":{"start":{"line":39,"column":38},"end":{"line":39,"column":48}},"18":{"start":{"line":40,"column":23},"end":{"line":40,"column":24}},"19":{"start":{"line":41,"column":17},"end":{"line":41,"column":19}},"20":{"start":{"line":42,"column":4},"end":{"line":44,"column":5}},"21":{"start":{"line":43,"column":6},"end":{"line":43,"column":35}},"22":{"start":{"line":45,"column":4},"end":{"line":51,"column":5}},"23":{"start":{"line":45,"column":17},"end":{"line":45,"column":18}},"24":{"start":{"line":46,"column":18},"end":{"line":46,"column":37}},"25":{"start":{"line":47,"column":23},"end":{"line":47,"column":42}},"26":{"start":{"line":48,"column":6},"end":{"line":48,"column":34}},"27":{"start":{"line":49,"column":6},"end":{"line":49,"column":33}},"28":{"start":{"line":50,"column":6},"end":{"line":50,"column":33}},"29":{"start":{"line":52,"column":4},"end":{"line":52,"column":16}},"30":{"start":{"line":56,"column":4},"end":{"line":56,"column":27}},"31":{"start":{"line":57,"column":4},"end":{"line":57,"column":33}},"32":{"start":{"line":61,"column":4},"end":{"line":61,"column":30}},"33":{"start":{"line":62,"column":4},"end":{"line":62,"column":30}}},"fnMap":{"0":{"name":"(anonymous_0)","decl":{"start":{"line":12,"column":2},"end":{"line":12,"column":3}},"loc":{"start":{"line":12,"column":16},"end":{"line":14,"column":3}},"line":12},"1":{"name":"(anonymous_1)","decl":{"start":{"line":16,"column":2},"end":{"line":16,"column":3}},"loc":{"start":{"line":16,"column":17},"end":{"line":35,"column":3}},"line":16},"2":{"name":"(anonymous_2)","decl":{"start":{"line":37,"column":2},"end":{"line":37,"column":3}},"loc":{"start":{"line":37,"column":23},"end":{"line":53,"column":3}},"line":37},"3":{"name":"(anonymous_3)","decl":{"start":{"line":39,"column":30},"end":{"line":39,"column":31}},"loc":{"start":{"line":39,"column":38},"end":{"line":39,"column":48}},"line":39},"4":{"name":"(anonymous_4)","decl":{"start":{"line":55,"column":2},"end":{"line":55,"column":3}},"loc":{"start":{"line":55,"column":12},"end":{"line":58,"column":3}},"line":55},"5":{"name":"(anonymous_5)","decl":{"start":{"line":60,"column":2},"end":{"line":60,"column":3}},"loc":{"start":{"line":60,"column":9},"end":{"line":63,"column":3}},"line":60}},"branchMap":{"0":{"loc":{"start":{"line":42,"column":4},"end":{"line":44,"column":5}},"type":"if","locations":[{"start":{"line":42,"column":4},"end":{"line":44,"column":5}},{"start":{"line":42,"column":4},"end":{"line":44,"column":5}}],"line":42}},"s":{"0":1,"1":0,"2":0,"3":0,"4":0,"5":0,"6":0,"7":0,"8":0,"9":0,"10":0,"11":0,"12":0,"13":0,"14":0,"15":0,"16":0,"17":0,"18":0,"19":0,"20":0,"21":0,"22":0,"23":0,"24":0,"25":0,"26":0,"27":0,"28":0,"29":0,"30":0,"31":0,"32":0,"33":0},"f":{"0":1,"1":0,"2":0,"3":0,"4":0,"5":0},"b":{"0":[0,0]},"_coverageSchema":"1a1c01bbd47fc00a2c39e90264f33305004495a9","hash":"06e07f5f37bc319bf21d871f802d0a268cb57155"}
,"/home/pastor/Documentos/Microverse/Js/Js-Game/src/scenes/mainscene.js": {"path":"/home/pastor/Documentos/Microverse/Js/Js-Game/src/scenes/mainscene.js","statementMap":{"0":{"start":{"line":12,"column":4},"end":{"line":12,"column":22}},"1":{"start":{"line":16,"column":4},"end":{"line":20,"column":7}},"2":{"start":{"line":18,"column":8},"end":{"line":18,"column":50}},"3":{"start":{"line":21,"column":4},"end":{"line":25,"column":7}},"4":{"start":{"line":23,"column":8},"end":{"line":23,"column":51}},"5":{"start":{"line":26,"column":4},"end":{"line":30,"column":7}},"6":{"start":{"line":28,"column":8},"end":{"line":28,"column":38}},"7":{"start":{"line":31,"column":4},"end":{"line":35,"column":7}},"8":{"start":{"line":33,"column":8},"end":{"line":33,"column":39}},"9":{"start":{"line":36,"column":4},"end":{"line":36,"column":28}},"10":{"start":{"line":37,"column":4},"end":{"line":37,"column":25}},"11":{"start":{"line":38,"column":4},"end":{"line":38,"column":122}},"12":{"start":{"line":39,"column":4},"end":{"line":39,"column":110}},"13":{"start":{"line":40,"column":4},"end":{"line":40,"column":31}},"14":{"start":{"line":41,"column":4},"end":{"line":41,"column":55}},"15":{"start":{"line":42,"column":4},"end":{"line":42,"column":28}},"16":{"start":{"line":43,"column":4},"end":{"line":47,"column":19}},"17":{"start":{"line":44,"column":6},"end":{"line":46,"column":7}},"18":{"start":{"line":45,"column":8},"end":{"line":45,"column":38}},"19":{"start":{"line":48,"column":4},"end":{"line":61,"column":19}},"20":{"start":{"line":49,"column":6},"end":{"line":60,"column":9}},"21":{"start":{"line":57,"column":10},"end":{"line":57,"column":43}},"22":{"start":{"line":58,"column":10},"end":{"line":58,"column":38}},"23":{"start":{"line":62,"column":4},"end":{"line":62,"column":50}},"24":{"start":{"line":66,"column":4},"end":{"line":66,"column":29}},"25":{"start":{"line":68,"column":4},"end":{"line":85,"column":5}},"26":{"start":{"line":69,"column":6},"end":{"line":69,"column":46}},"27":{"start":{"line":70,"column":6},"end":{"line":70,"column":24}},"28":{"start":{"line":71,"column":6},"end":{"line":71,"column":24}},"29":{"start":{"line":72,"column":6},"end":{"line":72,"column":29}},"30":{"start":{"line":73,"column":6},"end":{"line":73,"column":30}},"31":{"start":{"line":74,"column":6},"end":{"line":74,"column":41}},"32":{"start":{"line":75,"column":23},"end":{"line":75,"column":60}},"33":{"start":{"line":76,"column":6},"end":{"line":76,"column":44}},"34":{"start":{"line":77,"column":6},"end":{"line":77,"column":48}},"35":{"start":{"line":79,"column":6},"end":{"line":79,"column":80}},"36":{"start":{"line":80,"column":6},"end":{"line":80,"column":42}},"37":{"start":{"line":81,"column":6},"end":{"line":81,"column":39}},"38":{"start":{"line":82,"column":6},"end":{"line":82,"column":129}},"39":{"start":{"line":83,"column":6},"end":{"line":83,"column":27}},"40":{"start":{"line":84,"column":6},"end":{"line":84,"column":39}},"41":{"start":{"line":86,"column":4},"end":{"line":86,"column":106}},"42":{"start":{"line":87,"column":4},"end":{"line":106,"column":5}},"43":{"start":{"line":88,"column":6},"end":{"line":105,"column":7}},"44":{"start":{"line":89,"column":8},"end":{"line":104,"column":9}},"45":{"start":{"line":90,"column":21},"end":{"line":90,"column":45}},"46":{"start":{"line":91,"column":10},"end":{"line":91,"column":24}},"47":{"start":{"line":92,"column":10},"end":{"line":92,"column":29}},"48":{"start":{"line":93,"column":10},"end":{"line":93,"column":25}},"49":{"start":{"line":94,"column":10},"end":{"line":94,"column":29}},"50":{"start":{"line":95,"column":10},"end":{"line":95,"column":30}},"51":{"start":{"line":96,"column":10},"end":{"line":96,"column":37}},"52":{"start":{"line":98,"column":21},"end":{"line":98,"column":69}},"53":{"start":{"line":99,"column":10},"end":{"line":99,"column":34}},"54":{"start":{"line":100,"column":10},"end":{"line":100,"column":54}},"55":{"start":{"line":101,"column":10},"end":{"line":101,"column":36}},"56":{"start":{"line":102,"column":10},"end":{"line":102,"column":27}},"57":{"start":{"line":103,"column":10},"end":{"line":103,"column":35}},"58":{"start":{"line":110,"column":4},"end":{"line":117,"column":5}},"59":{"start":{"line":111,"column":6},"end":{"line":113,"column":7}},"60":{"start":{"line":112,"column":8},"end":{"line":112,"column":29}},"61":{"start":{"line":114,"column":6},"end":{"line":114,"column":59}},"62":{"start":{"line":115,"column":6},"end":{"line":115,"column":28}},"63":{"start":{"line":116,"column":6},"end":{"line":116,"column":31}},"64":{"start":{"line":121,"column":4},"end":{"line":124,"column":5}},"65":{"start":{"line":122,"column":6},"end":{"line":122,"column":34}},"66":{"start":{"line":123,"column":6},"end":{"line":123,"column":35}},"67":{"start":{"line":125,"column":4},"end":{"line":125,"column":52}},"68":{"start":{"line":126,"column":22},"end":{"line":126,"column":39}},"69":{"start":{"line":127,"column":34},"end":{"line":127,"column":35}},"70":{"start":{"line":128,"column":4},"end":{"line":139,"column":13}},"71":{"start":{"line":129,"column":29},"end":{"line":129,"column":87}},"72":{"start":{"line":130,"column":6},"end":{"line":133,"column":7}},"73":{"start":{"line":131,"column":8},"end":{"line":131,"column":39}},"74":{"start":{"line":132,"column":8},"end":{"line":132,"column":45}},"75":{"start":{"line":134,"column":6},"end":{"line":138,"column":7}},"76":{"start":{"line":135,"column":8},"end":{"line":135,"column":49}},"77":{"start":{"line":136,"column":8},"end":{"line":136,"column":44}},"78":{"start":{"line":137,"column":8},"end":{"line":137,"column":33}},"79":{"start":{"line":140,"column":4},"end":{"line":146,"column":13}},"80":{"start":{"line":141,"column":6},"end":{"line":145,"column":7}},"81":{"start":{"line":142,"column":8},"end":{"line":142,"column":41}},"82":{"start":{"line":143,"column":8},"end":{"line":143,"column":36}},"83":{"start":{"line":144,"column":8},"end":{"line":144,"column":33}},"84":{"start":{"line":147,"column":4},"end":{"line":155,"column":5}},"85":{"start":{"line":148,"column":30},"end":{"line":148,"column":117}},"86":{"start":{"line":149,"column":33},"end":{"line":149,"column":157}},"87":{"start":{"line":150,"column":28},"end":{"line":150,"column":74}},"88":{"start":{"line":151,"column":30},"end":{"line":151,"column":87}},"89":{"start":{"line":152,"column":30},"end":{"line":152,"column":87}},"90":{"start":{"line":153,"column":31},"end":{"line":153,"column":103}},"91":{"start":{"line":154,"column":6},"end":{"line":154,"column":105}},"92":{"start":{"line":160,"column":15},"end":{"line":160,"column":47}},"93":{"start":{"line":161,"column":20},"end":{"line":161,"column":37}},"94":{"start":{"line":162,"column":21},"end":{"line":162,"column":39}},"95":{"start":{"line":163,"column":20},"end":{"line":163,"column":46}},"96":{"start":{"line":164,"column":18},"end":{"line":164,"column":56}},"97":{"start":{"line":165,"column":2},"end":{"line":171,"column":3}},"98":{"start":{"line":166,"column":4},"end":{"line":166,"column":44}},"99":{"start":{"line":167,"column":4},"end":{"line":167,"column":59}},"100":{"start":{"line":169,"column":4},"end":{"line":169,"column":59}},"101":{"start":{"line":170,"column":4},"end":{"line":170,"column":46}}},"fnMap":{"0":{"name":"(anonymous_0)","decl":{"start":{"line":11,"column":2},"end":{"line":11,"column":3}},"loc":{"start":{"line":11,"column":16},"end":{"line":13,"column":3}},"line":11},"1":{"name":"(anonymous_1)","decl":{"start":{"line":15,"column":2},"end":{"line":15,"column":3}},"loc":{"start":{"line":15,"column":11},"end":{"line":63,"column":3}},"line":15},"2":{"name":"(anonymous_2)","decl":{"start":{"line":17,"column":22},"end":{"line":17,"column":23}},"loc":{"start":{"line":17,"column":42},"end":{"line":19,"column":7}},"line":17},"3":{"name":"(anonymous_3)","decl":{"start":{"line":22,"column":22},"end":{"line":22,"column":23}},"loc":{"start":{"line":22,"column":42},"end":{"line":24,"column":7}},"line":22},"4":{"name":"(anonymous_4)","decl":{"start":{"line":27,"column":22},"end":{"line":27,"column":23}},"loc":{"start":{"line":27,"column":38},"end":{"line":29,"column":7}},"line":27},"5":{"name":"(anonymous_5)","decl":{"start":{"line":32,"column":22},"end":{"line":32,"column":23}},"loc":{"start":{"line":32,"column":38},"end":{"line":34,"column":7}},"line":32},"6":{"name":"(anonymous_6)","decl":{"start":{"line":43,"column":63},"end":{"line":43,"column":64}},"loc":{"start":{"line":43,"column":75},"end":{"line":47,"column":5}},"line":43},"7":{"name":"(anonymous_7)","decl":{"start":{"line":48,"column":58},"end":{"line":48,"column":59}},"loc":{"start":{"line":48,"column":82},"end":{"line":61,"column":5}},"line":48},"8":{"name":"(anonymous_8)","decl":{"start":{"line":56,"column":20},"end":{"line":56,"column":21}},"loc":{"start":{"line":56,"column":32},"end":{"line":59,"column":9}},"line":56},"9":{"name":"(anonymous_9)","decl":{"start":{"line":65,"column":2},"end":{"line":65,"column":3}},"loc":{"start":{"line":65,"column":41},"end":{"line":107,"column":3}},"line":65},"10":{"name":"(anonymous_10)","decl":{"start":{"line":109,"column":2},"end":{"line":109,"column":3}},"loc":{"start":{"line":109,"column":9},"end":{"line":118,"column":3}},"line":109},"11":{"name":"(anonymous_11)","decl":{"start":{"line":120,"column":2},"end":{"line":120,"column":3}},"loc":{"start":{"line":120,"column":11},"end":{"line":156,"column":3}},"line":120},"12":{"name":"(anonymous_12)","decl":{"start":{"line":128,"column":45},"end":{"line":128,"column":46}},"loc":{"start":{"line":128,"column":65},"end":{"line":139,"column":5}},"line":128},"13":{"name":"(anonymous_13)","decl":{"start":{"line":140,"column":41},"end":{"line":140,"column":42}},"loc":{"start":{"line":140,"column":57},"end":{"line":146,"column":5}},"line":140},"14":{"name":"resize","decl":{"start":{"line":159,"column":9},"end":{"line":159,"column":15}},"loc":{"start":{"line":159,"column":18},"end":{"line":172,"column":1}},"line":159}},"branchMap":{"0":{"loc":{"start":{"line":44,"column":6},"end":{"line":46,"column":7}},"type":"if","locations":[{"start":{"line":44,"column":6},"end":{"line":46,"column":7}},{"start":{"line":44,"column":6},"end":{"line":46,"column":7}}],"line":44},"1":{"loc":{"start":{"line":68,"column":4},"end":{"line":85,"column":5}},"type":"if","locations":[{"start":{"line":68,"column":4},"end":{"line":85,"column":5}},{"start":{"line":68,"column":4},"end":{"line":85,"column":5}}],"line":68},"2":{"loc":{"start":{"line":87,"column":4},"end":{"line":106,"column":5}},"type":"if","locations":[{"start":{"line":87,"column":4},"end":{"line":106,"column":5}},{"start":{"line":87,"column":4},"end":{"line":106,"column":5}}],"line":87},"3":{"loc":{"start":{"line":88,"column":6},"end":{"line":105,"column":7}},"type":"if","locations":[{"start":{"line":88,"column":6},"end":{"line":105,"column":7}},{"start":{"line":88,"column":6},"end":{"line":105,"column":7}}],"line":88},"4":{"loc":{"start":{"line":89,"column":8},"end":{"line":104,"column":9}},"type":"if","locations":[{"start":{"line":89,"column":8},"end":{"line":104,"column":9}},{"start":{"line":89,"column":8},"end":{"line":104,"column":9}}],"line":89},"5":{"loc":{"start":{"line":110,"column":4},"end":{"line":117,"column":5}},"type":"if","locations":[{"start":{"line":110,"column":4},"end":{"line":117,"column":5}},{"start":{"line":110,"column":4},"end":{"line":117,"column":5}}],"line":110},"6":{"loc":{"start":{"line":110,"column":8},"end":{"line":110,"column":104}},"type":"binary-expr","locations":[{"start":{"line":110,"column":8},"end":{"line":110,"column":38}},{"start":{"line":110,"column":43},"end":{"line":110,"column":63}},{"start":{"line":110,"column":67},"end":{"line":110,"column":103}}],"line":110},"7":{"loc":{"start":{"line":111,"column":6},"end":{"line":113,"column":7}},"type":"if","locations":[{"start":{"line":111,"column":6},"end":{"line":113,"column":7}},{"start":{"line":111,"column":6},"end":{"line":113,"column":7}}],"line":111},"8":{"loc":{"start":{"line":121,"column":4},"end":{"line":124,"column":5}},"type":"if","locations":[{"start":{"line":121,"column":4},"end":{"line":124,"column":5}},{"start":{"line":121,"column":4},"end":{"line":124,"column":5}}],"line":121},"9":{"loc":{"start":{"line":130,"column":6},"end":{"line":133,"column":7}},"type":"if","locations":[{"start":{"line":130,"column":6},"end":{"line":133,"column":7}},{"start":{"line":130,"column":6},"end":{"line":133,"column":7}}],"line":130},"10":{"loc":{"start":{"line":134,"column":6},"end":{"line":138,"column":7}},"type":"if","locations":[{"start":{"line":134,"column":6},"end":{"line":138,"column":7}},{"start":{"line":134,"column":6},"end":{"line":138,"column":7}}],"line":134},"11":{"loc":{"start":{"line":141,"column":6},"end":{"line":145,"column":7}},"type":"if","locations":[{"start":{"line":141,"column":6},"end":{"line":145,"column":7}},{"start":{"line":141,"column":6},"end":{"line":145,"column":7}}],"line":141},"12":{"loc":{"start":{"line":147,"column":4},"end":{"line":155,"column":5}},"type":"if","locations":[{"start":{"line":147,"column":4},"end":{"line":155,"column":5}},{"start":{"line":147,"column":4},"end":{"line":155,"column":5}}],"line":147},"13":{"loc":{"start":{"line":165,"column":2},"end":{"line":171,"column":3}},"type":"if","locations":[{"start":{"line":165,"column":2},"end":{"line":171,"column":3}},{"start":{"line":165,"column":2},"end":{"line":171,"column":3}}],"line":165}},"s":{"0":1,"1":0,"2":0,"3":0,"4":0,"5":0,"6":0,"7":0,"8":0,"9":0,"10":0,"11":0,"12":0,"13":0,"14":0,"15":0,"16":0,"17":0,"18":0,"19":0,"20":0,"21":0,"22":0,"23":0,"24":0,"25":0,"26":0,"27":0,"28":0,"29":0,"30":0,"31":0,"32":0,"33":0,"34":0,"35":0,"36":0,"37":0,"38":0,"39":0,"40":0,"41":0,"42":0,"43":0,"44":0,"45":0,"46":0,"47":0,"48":0,"49":0,"50":0,"51":0,"52":0,"53":0,"54":0,"55":0,"56":0,"57":0,"58":0,"59":0,"60":0,"61":0,"62":0,"63":0,"64":0,"65":0,"66":0,"67":0,"68":0,"69":0,"70":0,"71":0,"72":0,"73":0,"74":0,"75":0,"76":0,"77":0,"78":0,"79":0,"80":0,"81":0,"82":0,"83":0,"84":0,"85":0,"86":0,"87":0,"88":0,"89":0,"90":0,"91":0,"92":6,"93":6,"94":6,"95":6,"96":6,"97":6,"98":6,"99":6,"100":0,"101":0},"f":{"0":1,"1":0,"2":0,"3":0,"4":0,"5":0,"6":0,"7":0,"8":0,"9":0,"10":0,"11":0,"12":0,"13":0,"14":6},"b":{"0":[0,0],"1":[0,0],"2":[0,0],"3":[0,0],"4":[0,0],"5":[0,0],"6":[0,0,0],"7":[0,0],"8":[0,0],"9":[0,0],"10":[0,0],"11":[0,0],"12":[0,0],"13":[6,0]},"_coverageSchema":"1a1c01bbd47fc00a2c39e90264f33305004495a9","hash":"5cdbd2c053e75b33f62c53037195329680e7c60f"}
,"/home/pastor/Documentos/Microverse/Js/Js-Game/src/scenes/menu.js": {"path":"/home/pastor/Documentos/Microverse/Js/Js-Game/src/scenes/menu.js","statementMap":{"0":{"start":{"line":10,"column":4},"end":{"line":10,"column":19}},"1":{"start":{"line":14,"column":21},"end":{"line":14,"column":62}},"2":{"start":{"line":15,"column":4},"end":{"line":15,"column":38}},"3":{"start":{"line":16,"column":21},"end":{"line":16,"column":123}},"4":{"start":{"line":17,"column":4},"end":{"line":17,"column":209}},"5":{"start":{"line":18,"column":4},"end":{"line":18,"column":204}},"6":{"start":{"line":19,"column":20},"end":{"line":19,"column":126}},"7":{"start":{"line":20,"column":4},"end":{"line":20,"column":26}},"8":{"start":{"line":21,"column":4},"end":{"line":21,"column":28}},"9":{"start":{"line":22,"column":4},"end":{"line":22,"column":30}},"10":{"start":{"line":23,"column":4},"end":{"line":23,"column":53}},"11":{"start":{"line":27,"column":22},"end":{"line":27,"column":63}},"12":{"start":{"line":28,"column":4},"end":{"line":28,"column":65}},"13":{"start":{"line":28,"column":32},"end":{"line":28,"column":65}},"14":{"start":{"line":29,"column":4},"end":{"line":29,"column":39}},"15":{"start":{"line":30,"column":4},"end":{"line":30,"column":43}},"16":{"start":{"line":31,"column":4},"end":{"line":31,"column":25}},"17":{"start":{"line":32,"column":4},"end":{"line":32,"column":33}}},"fnMap":{"0":{"name":"(anonymous_0)","decl":{"start":{"line":9,"column":2},"end":{"line":9,"column":3}},"loc":{"start":{"line":9,"column":16},"end":{"line":11,"column":3}},"line":9},"1":{"name":"(anonymous_1)","decl":{"start":{"line":13,"column":2},"end":{"line":13,"column":3}},"loc":{"start":{"line":13,"column":11},"end":{"line":24,"column":3}},"line":13},"2":{"name":"(anonymous_2)","decl":{"start":{"line":26,"column":2},"end":{"line":26,"column":3}},"loc":{"start":{"line":26,"column":9},"end":{"line":33,"column":3}},"line":26}},"branchMap":{"0":{"loc":{"start":{"line":28,"column":4},"end":{"line":28,"column":65}},"type":"if","locations":[{"start":{"line":28,"column":4},"end":{"line":28,"column":65}},{"start":{"line":28,"column":4},"end":{"line":28,"column":65}}],"line":28}},"s":{"0":1,"1":0,"2":0,"3":0,"4":0,"5":0,"6":0,"7":0,"8":0,"9":0,"10":0,"11":0,"12":0,"13":0,"14":0,"15":0,"16":0,"17":0},"f":{"0":1,"1":0,"2":0},"b":{"0":[0,0]},"_coverageSchema":"1a1c01bbd47fc00a2c39e90264f33305004495a9","hash":"ea7a5d46641b3754f3122f48a74c1cf5e7644196"}
,"/home/pastor/Documentos/Microverse/Js/Js-Game/src/scenes/preload.js": {"path":"/home/pastor/Documentos/Microverse/Js/Js-Game/src/scenes/preload.js","statementMap":{"0":{"start":{"line":14,"column":4},"end":{"line":14,"column":25}},"1":{"start":{"line":18,"column":4},"end":{"line":18,"column":45}},"2":{"start":{"line":19,"column":4},"end":{"line":19,"column":42}},"3":{"start":{"line":20,"column":4},"end":{"line":20,"column":48}},"4":{"start":{"line":21,"column":4},"end":{"line":21,"column":42}},"5":{"start":{"line":22,"column":4},"end":{"line":22,"column":44}},"6":{"start":{"line":23,"column":4},"end":{"line":23,"column":39}},"7":{"start":{"line":24,"column":4},"end":{"line":27,"column":7}},"8":{"start":{"line":28,"column":4},"end":{"line":28,"column":51}},"9":{"start":{"line":33,"column":4},"end":{"line":49,"column":7}},"10":{"start":{"line":50,"column":4},"end":{"line":59,"column":7}},"11":{"start":{"line":60,"column":4},"end":{"line":60,"column":30}}},"fnMap":{"0":{"name":"(anonymous_0)","decl":{"start":{"line":13,"column":2},"end":{"line":13,"column":3}},"loc":{"start":{"line":13,"column":16},"end":{"line":15,"column":3}},"line":13},"1":{"name":"(anonymous_1)","decl":{"start":{"line":17,"column":2},"end":{"line":17,"column":3}},"loc":{"start":{"line":17,"column":12},"end":{"line":29,"column":3}},"line":17},"2":{"name":"(anonymous_2)","decl":{"start":{"line":32,"column":2},"end":{"line":32,"column":3}},"loc":{"start":{"line":32,"column":11},"end":{"line":61,"column":3}},"line":32}},"branchMap":{},"s":{"0":1,"1":0,"2":0,"3":0,"4":0,"5":0,"6":0,"7":0,"8":0,"9":0,"10":0,"11":0},"f":{"0":1,"1":0,"2":0},"b":{},"_coverageSchema":"1a1c01bbd47fc00a2c39e90264f33305004495a9","hash":"41a78299e8e1907fa2b36b5565651c7b139ed94b"}
,"/home/pastor/Documentos/Microverse/Js/Js-Game/src/scoresApi/data.js": {"path":"/home/pastor/Documentos/Microverse/Js/Js-Game/src/scoresApi/data.js","statementMap":{"0":{"start":{"line":7,"column":15},"end":{"line":7,"column":37}},"1":{"start":{"line":8,"column":18},"end":{"line":8,"column":110}},"2":{"start":{"line":10,"column":23},"end":{"line":15,"column":3}},"3":{"start":{"line":16,"column":15},"end":{"line":16,"column":51}},"4":{"start":{"line":19,"column":6},"end":{"line":19,"column":23}},"5":{"start":{"line":20,"column":2},"end":{"line":20,"column":16}},"6":{"start":{"line":23,"column":16},"end":{"line":23,"column":34}},"7":{"start":{"line":24,"column":17},"end":{"line":24,"column":37}},"8":{"start":{"line":25,"column":19},"end":{"line":28,"column":3}},"9":{"start":{"line":29,"column":23},"end":{"line":35,"column":3}},"10":{"start":{"line":36,"column":15},"end":{"line":36,"column":51}},"11":{"start":{"line":37,"column":18},"end":{"line":37,"column":35}},"12":{"start":{"line":38,"column":2},"end":{"line":38,"column":17}}},"fnMap":{"0":{"name":"getScores","decl":{"start":{"line":9,"column":15},"end":{"line":9,"column":24}},"loc":{"start":{"line":9,"column":27},"end":{"line":21,"column":1}},"line":9},"1":{"name":"addscore","decl":{"start":{"line":22,"column":15},"end":{"line":22,"column":23}},"loc":{"start":{"line":22,"column":26},"end":{"line":39,"column":1}},"line":22}},"branchMap":{},"s":{"0":6,"1":6,"2":2,"3":2,"4":0,"5":0,"6":1,"7":1,"8":1,"9":1,"10":1,"11":0,"12":0},"f":{"0":2,"1":1},"b":{},"_coverageSchema":"1a1c01bbd47fc00a2c39e90264f33305004495a9","hash":"f8a49dabcf7f401a5b013357b1e3cf6c988ce686"}
}
